<?xml version="1.0" encoding="UTF-8"?>
<testng-results skipped="0" failed="0" ignored="0" total="1" passed="1">
  <reporter-output>
  </reporter-output>
  <suite name="Suite" duration-ms="94830" started-at="2020-10-10T14:54:43Z" finished-at="2020-10-10T14:56:18Z">
    <groups>
    </groups>
    <test name="ChromeTest" duration-ms="94830" started-at="2020-10-10T14:54:43Z" finished-at="2020-10-10T14:56:18Z">
      <class name="Running.ExecutionTest">
        <test-method status="PASS" signature="initial()[pri:0, instance:Running.ExecutionTest@59494225]" name="initial" is-config="true" duration-ms="21" started-at="2020-10-10T14:54:43Z" finished-at="2020-10-10T14:54:43Z">
          <reporter-output>
          </reporter-output>
        </test-method> <!-- initial -->
        <test-method status="PASS" signature="setup(java.lang.String, java.lang.String, java.lang.String)[pri:0, instance:Running.ExecutionTest@59494225]" name="setup" is-config="true" duration-ms="28" started-at="2020-10-10T14:54:43Z" finished-at="2020-10-10T14:54:44Z">
          <params>
            <param index="0">
              <value>
                <![CDATA[chrome]]>
              </value>
            </param>
            <param index="1">
              <value>
                <![CDATA[D://chromedriver.exe]]>
              </value>
            </param>
            <param index="2">
              <value>
                <![CDATA[D://FinancialView.xlsx]]>
              </value>
            </param>
          </params>
          <reporter-output>
          </reporter-output>
        </test-method> <!-- setup -->
        <test-method status="PASS" signature="testcases()[pri:0, instance:Running.ExecutionTest@59494225]" name="testcases" duration-ms="94774" started-at="2020-10-10T14:54:44Z" finished-at="2020-10-10T14:56:18Z">
          <reporter-output>
          </reporter-output>
        </test-method> <!-- testcases -->
      </class> <!-- Running.ExecutionTest -->
    </test> <!-- ChromeTest -->
  </suite> <!-- Suite -->
</testng-results>
