<?xml version="1.0" encoding="UTF-8"?>
<!-- Generated by org.testng.reporters.JUnitXMLReporter -->
<testsuite hostname="LAPTOP-C09VGUTD" failures="1" tests="1" name="ChromeTest" time="0.891" errors="0" timestamp="8 Sep 2020 03:44:55 GMT">
  <testcase classname="Running.ExecutionTest" name="testcases" time="0.761">
    <failure type="java.lang.NullPointerException">
      <![CDATA[java.lang.NullPointerException
	at Running.Final.testing(Final.java:268)
	at Running.ExecutionTest.testcases(ExecutionTest.java:47)
	at java.base/java.util.concurrent.FutureTask.run(Unknown Source)
	at java.base/java.util.concurrent.ThreadPoolExecutor.runWorker(Unknown Source)
	at java.base/java.util.concurrent.ThreadPoolExecutor$Worker.run(Unknown Source)
	at java.base/java.lang.Thread.run(Unknown Source)
... Removed 16 stack frames]]>
    </failure>
  </testcase> <!-- testcases -->
</testsuite> <!-- ChromeTest -->
