<?xml version="1.0" encoding="UTF-8"?>
<!-- Generated by org.testng.reporters.JUnitXMLReporter -->
<testsuite hostname="LAPTOP-C09VGUTD" name="FirefoxTest" tests="1" failures="1" timestamp="29 Sep 2020 16:14:59 GMT" time="0.075" errors="0">
  <testcase name="testcases" time="0.021" classname="Running.ExecutionTest">
    <failure type="java.io.FileNotFoundException" message="D:\DemandNavigator2.0_SA.properties (The system cannot find the file specified)">
      <![CDATA[java.io.FileNotFoundException: D:\DemandNavigator2.0_SA.properties (The system cannot find the file specified)
	at java.io.FileInputStream.open0(Native Method)
	at java.io.FileInputStream.open(FileInputStream.java:195)
	at java.io.FileInputStream.<init>(FileInputStream.java:138)
	at Running.ReadProp.getPath(ReadProp.java:23)
	at Running.Final.testing(Final.java:54)
	at Running.ExecutionTest.testcases(ExecutionTest.java:47)
	at java.util.concurrent.FutureTask.run(FutureTask.java:266)
	at java.util.concurrent.ThreadPoolExecutor.runWorker(ThreadPoolExecutor.java:1149)
	at java.util.concurrent.ThreadPoolExecutor$Worker.run(ThreadPoolExecutor.java:624)
	at java.lang.Thread.run(Thread.java:748)
... Removed 16 stack frames]]>
    </failure>
  </testcase> <!-- testcases -->
</testsuite> <!-- FirefoxTest -->
